Running: C:\software\electronica\xilinx\14.1\ISE_DS\ISE\bin\nt64\unwrapped\fuse.exe -intstyle ise -incremental -o C:/hlocal/Pr3extra - copia/Pr3/multiplicador_tb_isim_beh.exe -prj C:/hlocal/Pr3extra - copia/Pr3/multiplicador_tb_beh.prj work.multiplicador_tb 
ISim P.15xf (signature 0xc3576ebc)
Number of CPUs detected in this system: 8
Turning on mult-threading, number of parallel sub-compilation jobs: 16 
Determining compilation order of HDL files
Parsing VHDL file "C:/hlocal/Pr3extra - copia/Pr3/sumador.vhd" into library work
Parsing VHDL file "C:/hlocal/Pr3extra - copia/Pr3/multiplicador.vhd" into library work
Parsing VHDL file "C:/hlocal/Pr3extra - copia/Pr3/multiplicador_tb.vhd" into library work
Starting static elaboration
Completed static elaboration
Compiling package standard
Compiling package std_logic_1164
Compiling package std_logic_arith
Compiling package std_logic_unsigned
Compiling architecture behavioral of entity sumador [sumador_default]
Compiling architecture behavioral of entity multiplicador [multiplicador_default]
Compiling architecture behavior of entity multiplicador_tb
Time Resolution for simulation is 1ps.
Compiled 9 VHDL Units
Built simulation executable C:/hlocal/Pr3extra - copia/Pr3/multiplicador_tb_isim_beh.exe
Fuse Memory Usage: 34908 KB
Fuse CPU Usage: 358 ms
