Release 14.1 - xst P.15xf (nt64)
Copyright (c) 1995-2012 Xilinx, Inc.  All rights reserved.
--> Parameter TMPDIR set to xst/projnav.tmp


Total REAL time to Xst completion: 1.00 secs
Total CPU time to Xst completion: 0.09 secs
 
--> Parameter xsthdpdir set to xst


Total REAL time to Xst completion: 1.00 secs
Total CPU time to Xst completion: 0.09 secs
 
--> Reading design: multiplicador.prj

TABLE OF CONTENTS
  1) Synthesis Options Summary
  2) HDL Compilation
  3) Design Hierarchy Analysis
  4) HDL Analysis
  5) HDL Synthesis
     5.1) HDL Synthesis Report
  6) Advanced HDL Synthesis
     6.1) Advanced HDL Synthesis Report
  7) Low Level Synthesis
  8) Partition Report
  9) Final Report
	9.1) Device utilization summary
	9.2) Partition Resource Summary
	9.3) TIMING REPORT


=========================================================================
*                      Synthesis Options Summary                        *
=========================================================================
---- Source Parameters
Input File Name                    : "multiplicador.prj"
Input Format                       : mixed
Ignore Synthesis Constraint File   : NO

---- Target Parameters
Output File Name                   : "multiplicador"
Output Format                      : NGC
Target Device                      : xc3s1000-5-ft256

---- Source Options
Top Module Name                    : multiplicador
Automatic FSM Extraction           : YES
FSM Encoding Algorithm             : Auto
Safe Implementation                : No
FSM Style                          : LUT
RAM Extraction                     : Yes
RAM Style                          : Auto
ROM Extraction                     : Yes
Mux Style                          : Auto
Decoder Extraction                 : YES
Priority Encoder Extraction        : Yes
Shift Register Extraction          : YES
Logical Shifter Extraction         : YES
XOR Collapsing                     : YES
ROM Style                          : Auto
Mux Extraction                     : Yes
Resource Sharing                   : YES
Asynchronous To Synchronous        : NO
Multiplier Style                   : Auto
Automatic Register Balancing       : No

---- Target Options
Add IO Buffers                     : YES
Global Maximum Fanout              : 100000
Add Generic Clock Buffer(BUFG)     : 8
Register Duplication               : YES
Slice Packing                      : YES
Optimize Instantiated Primitives   : NO
Use Clock Enable                   : Yes
Use Synchronous Set                : Yes
Use Synchronous Reset              : Yes
Pack IO Registers into IOBs        : Auto
Equivalent register Removal        : YES

---- General Options
Optimization Goal                  : Speed
Optimization Effort                : 1
Keep Hierarchy                     : No
Netlist Hierarchy                  : As_Optimized
RTL Output                         : Yes
Global Optimization                : AllClockNets
Read Cores                         : YES
Write Timing Constraints           : NO
Cross Clock Analysis               : NO
Hierarchy Separator                : /
Bus Delimiter                      : <>
Case Specifier                     : Maintain
Slice Utilization Ratio            : 100
BRAM Utilization Ratio             : 100
Verilog 2001                       : YES
Auto BRAM Packing                  : NO
Slice Utilization Ratio Delta      : 5

=========================================================================


=========================================================================
*                          HDL Compilation                              *
=========================================================================
Compiling vhdl file "C:/hlocal/Pr3extra - copia/Pr3/sumador.vhd" in Library work.
Architecture behavioral of Entity sumador is up to date.
Compiling vhdl file "C:/hlocal/Pr3extra - copia/Pr3/multiplicador.vhd" in Library work.
Entity <multiplicador> compiled.
Entity <multiplicador> (Architecture <behavioral>) compiled.

=========================================================================
*                     Design Hierarchy Analysis                         *
=========================================================================
Analyzing hierarchy for entity <multiplicador> in library <work> (architecture <behavioral>).

Analyzing hierarchy for entity <sumador> in library <work> (architecture <behavioral>).


=========================================================================
*                            HDL Analysis                               *
=========================================================================
Analyzing Entity <multiplicador> in library <work> (Architecture <behavioral>).
Entity <multiplicador> analyzed. Unit <multiplicador> generated.

Analyzing Entity <sumador> in library <work> (Architecture <behavioral>).
Entity <sumador> analyzed. Unit <sumador> generated.


=========================================================================
*                           HDL Synthesis                               *
=========================================================================

Performing bidirectional port resolution...

Synthesizing Unit <sumador>.
    Related source file is "C:/hlocal/Pr3extra - copia/Pr3/sumador.vhd".
    Found 8-bit adder for signal <res>.
    Summary:
	inferred   1 Adder/Subtractor(s).
Unit <sumador> synthesized.


Synthesizing Unit <multiplicador>.
    Related source file is "C:/hlocal/Pr3extra - copia/Pr3/multiplicador.vhd".
    Found 8-bit register for signal <Reg1>.
    Found 8-bit register for signal <Reg2>.
    Found 8-bit register for signal <Reg3>.
    Found 8-bit register for signal <Reg4>.
    Found 8-bit register for signal <Reg5>.
    Summary:
	inferred  40 D-type flip-flop(s).
Unit <multiplicador> synthesized.


=========================================================================
HDL Synthesis Report

Macro Statistics
# Adders/Subtractors                                   : 3
 8-bit adder                                           : 3
# Registers                                            : 5
 8-bit register                                        : 5

=========================================================================

=========================================================================
*                       Advanced HDL Synthesis                          *
=========================================================================

WARNING:Xst:1710 - FF/Latch <Reg3_0> (without init value) has a constant value of 0 in block <multiplicador>. This FF/Latch will be trimmed during the optimization process.
WARNING:Xst:1895 - Due to other FF/Latch trimming, FF/Latch <Reg3_1> (without init value) has a constant value of 0 in block <multiplicador>. This FF/Latch will be trimmed during the optimization process.
WARNING:Xst:1895 - Due to other FF/Latch trimming, FF/Latch <Reg3_2> (without init value) has a constant value of 0 in block <multiplicador>. This FF/Latch will be trimmed during the optimization process.
WARNING:Xst:1895 - Due to other FF/Latch trimming, FF/Latch <Reg3_7> (without init value) has a constant value of 0 in block <multiplicador>. This FF/Latch will be trimmed during the optimization process.
WARNING:Xst:1895 - Due to other FF/Latch trimming, FF/Latch <Reg2_0> (without init value) has a constant value of 0 in block <multiplicador>. This FF/Latch will be trimmed during the optimization process.
WARNING:Xst:1895 - Due to other FF/Latch trimming, FF/Latch <Reg2_1> (without init value) has a constant value of 0 in block <multiplicador>. This FF/Latch will be trimmed during the optimization process.
WARNING:Xst:1895 - Due to other FF/Latch trimming, FF/Latch <Reg2_6> (without init value) has a constant value of 0 in block <multiplicador>. This FF/Latch will be trimmed during the optimization process.
WARNING:Xst:1895 - Due to other FF/Latch trimming, FF/Latch <Reg2_7> (without init value) has a constant value of 0 in block <multiplicador>. This FF/Latch will be trimmed during the optimization process.
WARNING:Xst:1895 - Due to other FF/Latch trimming, FF/Latch <Reg5_0> (without init value) has a constant value of 0 in block <multiplicador>. This FF/Latch will be trimmed during the optimization process.
WARNING:Xst:1895 - Due to other FF/Latch trimming, FF/Latch <Reg5_1> (without init value) has a constant value of 0 in block <multiplicador>. This FF/Latch will be trimmed during the optimization process.
WARNING:Xst:1895 - Due to other FF/Latch trimming, FF/Latch <Reg5_2> (without init value) has a constant value of 0 in block <multiplicador>. This FF/Latch will be trimmed during the optimization process.
WARNING:Xst:1895 - Due to other FF/Latch trimming, FF/Latch <Reg5_7> (without init value) has a constant value of 0 in block <multiplicador>. This FF/Latch will be trimmed during the optimization process.
WARNING:Xst:2404 -  FFs/Latches <Reg2<7:6>> (without init value) have a constant value of 0 in block <multiplicador>.
WARNING:Xst:2404 -  FFs/Latches <Reg3<7:7>> (without init value) have a constant value of 0 in block <multiplicador>.
WARNING:Xst:2404 -  FFs/Latches <Reg5<7:7>> (without init value) have a constant value of 0 in block <multiplicador>.

=========================================================================
Advanced HDL Synthesis Report

Macro Statistics
# Adders/Subtractors                                   : 3
 8-bit adder                                           : 3
# Registers                                            : 36
 Flip-Flops                                            : 36

=========================================================================

=========================================================================
*                         Low Level Synthesis                           *
=========================================================================
WARNING:Xst:1710 - FF/Latch <Reg2_0> (without init value) has a constant value of 0 in block <multiplicador>. This FF/Latch will be trimmed during the optimization process.
WARNING:Xst:1895 - Due to other FF/Latch trimming, FF/Latch <Reg2_1> (without init value) has a constant value of 0 in block <multiplicador>. This FF/Latch will be trimmed during the optimization process.
WARNING:Xst:1895 - Due to other FF/Latch trimming, FF/Latch <Reg3_0> (without init value) has a constant value of 0 in block <multiplicador>. This FF/Latch will be trimmed during the optimization process.
WARNING:Xst:1895 - Due to other FF/Latch trimming, FF/Latch <Reg3_1> (without init value) has a constant value of 0 in block <multiplicador>. This FF/Latch will be trimmed during the optimization process.
WARNING:Xst:1895 - Due to other FF/Latch trimming, FF/Latch <Reg3_2> (without init value) has a constant value of 0 in block <multiplicador>. This FF/Latch will be trimmed during the optimization process.
WARNING:Xst:1895 - Due to other FF/Latch trimming, FF/Latch <Reg5_0> (without init value) has a constant value of 0 in block <multiplicador>. This FF/Latch will be trimmed during the optimization process.
WARNING:Xst:1895 - Due to other FF/Latch trimming, FF/Latch <Reg5_1> (without init value) has a constant value of 0 in block <multiplicador>. This FF/Latch will be trimmed during the optimization process.
WARNING:Xst:1895 - Due to other FF/Latch trimming, FF/Latch <Reg5_2> (without init value) has a constant value of 0 in block <multiplicador>. This FF/Latch will be trimmed during the optimization process.
WARNING:Xst:1710 - FF/Latch <Reg1_6> (without init value) has a constant value of 0 in block <multiplicador>. This FF/Latch will be trimmed during the optimization process.
WARNING:Xst:1895 - Due to other FF/Latch trimming, FF/Latch <Reg1_7> (without init value) has a constant value of 0 in block <multiplicador>. This FF/Latch will be trimmed during the optimization process.
WARNING:Xst:1895 - Due to other FF/Latch trimming, FF/Latch <Reg4_7> (without init value) has a constant value of 0 in block <multiplicador>. This FF/Latch will be trimmed during the optimization process.

Optimizing unit <multiplicador> ...

Mapping all equations...
Building and optimizing final netlist ...
Found area constraint ratio of 100 (+ 5) on block multiplicador, actual ratio is 0.

Final Macro Processing ...

Processing Unit <multiplicador> :
	Found 2-bit shift register for signal <Reg4_1>.
Unit <multiplicador> processed.

=========================================================================
Final Register Report

Macro Statistics
# Registers                                            : 23
 Flip-Flops                                            : 23
# Shift Registers                                      : 1
 2-bit shift register                                  : 1

=========================================================================

=========================================================================
*                           Partition Report                            *
=========================================================================

Partition Implementation Status
-------------------------------

  No Partitions were found in this design.

-------------------------------

=========================================================================
*                            Final Report                               *
=========================================================================
Final Results
RTL Top Level Output File Name     : multiplicador.ngr
Top Level Output File Name         : multiplicador
Output Format                      : NGC
Optimization Goal                  : Speed
Keep Hierarchy                     : No

Design Statistics
# IOs                              : 18

Cell Usage :
# BELS                             : 42
#      GND                         : 1
#      INV                         : 1
#      LUT2                        : 12
#      LUT2_L                      : 1
#      LUT3                        : 7
#      LUT4                        : 14
#      LUT4_D                      : 1
#      LUT4_L                      : 1
#      MUXF5                       : 4
# FlipFlops/Latches                : 24
#      FDE                         : 24
# Shift Registers                  : 1
#      SRL16E                      : 1
# Clock Buffers                    : 1
#      BUFGP                       : 1
# IO Buffers                       : 17
#      IBUF                        : 9
#      OBUF                        : 8
=========================================================================

Device utilization summary:
---------------------------

Selected Device : 3s1000ft256-5 

 Number of Slices:                       23  out of   7680     0%  
 Number of Slice Flip Flops:             24  out of  15360     0%  
 Number of 4 input LUTs:                 38  out of  15360     0%  
    Number used as logic:                37
    Number used as Shift registers:       1
 Number of IOs:                          18
 Number of bonded IOBs:                  18  out of    173    10%  
 Number of GCLKs:                         1  out of      8    12%  

---------------------------
Partition Resource Summary:
---------------------------

  No Partitions were found in this design.

---------------------------


=========================================================================
TIMING REPORT

NOTE: THESE TIMING NUMBERS ARE ONLY A SYNTHESIS ESTIMATE.
      FOR ACCURATE TIMING INFORMATION PLEASE REFER TO THE TRACE REPORT
      GENERATED AFTER PLACE-and-ROUTE.

Clock Information:
------------------
-----------------------------------+------------------------+-------+
Clock Signal                       | Clock buffer(FF name)  | Load  |
-----------------------------------+------------------------+-------+
clk                                | BUFGP                  | 25    |
-----------------------------------+------------------------+-------+

Asynchronous Control Signals Information:
----------------------------------------
No asynchronous control signals found in this design

Timing Summary:
---------------
Speed Grade: -5

   Minimum period: 3.677ns (Maximum Frequency: 271.976MHz)
   Minimum input arrival time before clock: 7.108ns
   Maximum output required time after clock: 9.370ns
   Maximum combinational path delay: No path found

Timing Detail:
--------------
All values displayed in nanoseconds (ns)

=========================================================================
Timing constraint: Default period analysis for Clock 'clk'
  Clock period: 3.677ns (frequency: 271.976MHz)
  Total number of paths / destination ports: 38 / 11
-------------------------------------------------------------------------
Delay:               3.677ns (Levels of Logic = 2)
  Source:            Reg1_5 (FF)
  Destination:       Reg4_6 (FF)
  Source Clock:      clk rising
  Destination Clock: clk rising

  Data Path: Reg1_5 to Reg4_6
                                Gate     Net
    Cell:in->out      fanout   Delay   Delay  Logical Name (Net Name)
    ----------------------------------------  ------------
     FDE:C->Q              3   0.626   1.066  Reg1_5 (Reg1_5)
     LUT4:I0->O            1   0.479   0.851  paso1/Madd_res_cy<5>1_SW0_SW0 (N11)
     LUT3:I1->O            1   0.479   0.000  paso1/Madd_res_cy<5>1 (S2<6>)
     FDE:D                     0.176          Reg4_6
    ----------------------------------------
    Total                      3.677ns (1.760ns logic, 1.917ns route)
                                       (47.9% logic, 52.1% route)

=========================================================================
Timing constraint: Default OFFSET IN BEFORE for Clock 'clk'
  Total number of paths / destination ports: 103 / 39
-------------------------------------------------------------------------
Offset:              7.108ns (Levels of Logic = 6)
  Source:            A<1> (PAD)
  Destination:       Reg1_5 (FF)
  Destination Clock: clk rising

  Data Path: A<1> to Reg1_5
                                Gate     Net
    Cell:in->out      fanout   Delay   Delay  Logical Name (Net Name)
    ----------------------------------------  ------------
     IBUF:I->O             7   0.715   1.201  A_1_IBUF (A_1_IBUF)
     LUT4:I0->O            3   0.479   0.941  paso0/Madd_res_lut<1>1 (S1<1>)
     LUT3:I1->O            2   0.479   0.804  paso0/Madd_res_cy<2>1_SW1 (N14)
     LUT3:I2->O            1   0.479   0.000  paso0/Madd_res_cy<3>111 (paso0/Madd_res_cy<3>11)
     MUXF5:I1->O           2   0.314   1.040  paso0/Madd_res_cy<3>11_f5 (paso0/Madd_res_cy<3>)
     LUT3:I0->O            1   0.479   0.000  paso0/Madd_res_cy<4>11 (paso0/Madd_res_cy<4>)
     FDE:D                     0.176          Reg1_5
    ----------------------------------------
    Total                      7.108ns (3.121ns logic, 3.987ns route)
                                       (43.9% logic, 56.1% route)

=========================================================================
Timing constraint: Default OFFSET OUT AFTER for Clock 'clk'
  Total number of paths / destination ports: 45 / 8
-------------------------------------------------------------------------
Offset:              9.370ns (Levels of Logic = 4)
  Source:            Reg4_4 (FF)
  Destination:       R<7> (PAD)
  Source Clock:      clk rising

  Data Path: Reg4_4 to R<7>
                                Gate     Net
    Cell:in->out      fanout   Delay   Delay  Logical Name (Net Name)
    ----------------------------------------  ------------
     FDE:C->Q              2   0.626   1.040  Reg4_4 (Reg4_4)
     LUT4:I0->O            5   0.479   0.842  paso2/Madd_res_cy<4>11 (paso2/Madd_res_cy<4>)
     LUT4:I2->O            1   0.479   0.000  paso2/Madd_res_cy<6>11 (paso2/Madd_res_cy<6>1)
     MUXF5:I1->O           1   0.314   0.681  paso2/Madd_res_cy<6>1_f5 (R_7_OBUF)
     OBUF:I->O                 4.909          R_7_OBUF (R<7>)
    ----------------------------------------
    Total                      9.370ns (6.807ns logic, 2.563ns route)
                                       (72.6% logic, 27.4% route)

=========================================================================


Total REAL time to Xst completion: 4.00 secs
Total CPU time to Xst completion: 3.58 secs
 
--> 

Total memory usage is 4532000 kilobytes

Number of errors   :    0 (   0 filtered)
Number of warnings :   26 (   0 filtered)
Number of infos    :    0 (   0 filtered)

