--------------------------------------------------------------------------------
Release 14.1 Trace  (nt64)
Copyright (c) 1995-2012 Xilinx, Inc.  All rights reserved.

C:\software\electronica\xilinx\14.1\ISE_DS\ISE\bin\nt64\unwrapped\trce.exe
-intstyle ise -v 3 -s 5 -n 3 -fastpaths -xml sumador.twx sumador.ncd -o
sumador.twr sumador.pcf

Design file:              sumador.ncd
Physical constraint file: sumador.pcf
Device,package,speed:     xc3s1000,ft256,-5 (PRODUCTION 1.39 2012-04-23)
Report level:             verbose report

Environment Variable      Effect 
--------------------      ------ 
NONE                      No environment variables were set
--------------------------------------------------------------------------------

INFO:Timing:2698 - No timing constraints found, doing default enumeration.
INFO:Timing:3412 - To improve timing, see the Timing Closure User Guide (UG612).
INFO:Timing:2752 - To get complete path coverage, use the unconstrained paths 
   option. All paths that are not constrained will be reported in the 
   unconstrained paths section(s) of the report.
INFO:Timing:3339 - The clock-to-out numbers in this timing report are based on 
   a 50 Ohm transmission line loading model.  For the details of this model, 
   and for more information on accounting for different loading conditions, 
   please see the device datasheet.
INFO:Timing:3390 - This architecture does not support a default System Jitter 
   value, please add SYSTEM_JITTER constraint to the UCF to modify the Clock 
   Uncertainty calculation.
INFO:Timing:3389 - This architecture does not support 'Discrete Jitter' and 
   'Phase Error' calculations, these terms will be zero in the Clock 
   Uncertainty calculation.  Please make appropriate modification to 
   SYSTEM_JITTER to account for the unsupported Discrete Jitter and Phase 
   Error.



Data Sheet report:
-----------------
All values displayed in nanoseconds (ns)

Pad to Pad
---------------+---------------+---------+
Source Pad     |Destination Pad|  Delay  |
---------------+---------------+---------+
op1<0>         |res<0>         |    6.601|
op1<0>         |res<1>         |    6.890|
op1<0>         |res<2>         |    7.376|
op1<0>         |res<3>         |    8.360|
op1<1>         |res<1>         |    6.880|
op1<1>         |res<2>         |    7.382|
op1<1>         |res<3>         |    8.366|
op1<2>         |res<2>         |    7.082|
op1<2>         |res<3>         |    7.253|
op1<3>         |res<3>         |    7.433|
op2<0>         |res<0>         |    6.702|
op2<0>         |res<1>         |    7.059|
op2<0>         |res<2>         |    7.184|
op2<0>         |res<3>         |    8.168|
op2<1>         |res<1>         |    7.047|
op2<1>         |res<2>         |    7.235|
op2<1>         |res<3>         |    8.219|
op2<2>         |res<2>         |    7.443|
op2<2>         |res<3>         |    7.445|
op2<3>         |res<3>         |    7.727|
---------------+---------------+---------+


Analysis completed Wed Oct 03 15:15:47 2018 
--------------------------------------------------------------------------------

Trace Settings:
-------------------------
Trace Settings 

Peak Memory Usage: 4526 MB



